<?xml version="1.0" encoding="UTF-8"?>
<testsuite xmlns:xsi="http://www.w3.org/2001/XMLSchema-instance" xsi:noNamespaceSchemaLocation="https://maven.apache.org/surefire/maven-surefire-plugin/xsd/surefire-test-report-3.0.xsd" version="3.0" name="StudentManagerTest" time="0.04" tests="9" errors="0" skipped="0" failures="0">
  <properties>
[...]
</properties>
  <testcase name="testStudentAdd" classname="StudentManagerTest" time="0.01">
    <system-out><![CDATA[Added student: 5, Anna Kowalska
]]></system-out>
  </testcase>
  <testcase name="testMarkAttendanceForNonExistingStudent" classname="StudentManagerTest" time="0.001"/>
  <testcase name="testMarkAttendance" classname="StudentManagerTest" time="0.016">
    <system-out><![CDATA[Attendance marked: 1 -> Present (2024-11-24)
]]></system-out>
  </testcase>
  <testcase name="testUpdateAttendance" classname="StudentManagerTest" time="0.001">
    <system-out><![CDATA[Attendance marked: 2 -> Absent (2023-10-10)
Updated attendance: 2 -> Present (2023-10-10)
]]></system-out>
  </testcase>
  <testcase name="testStudentBaseImportWithEmptyFile" classname="StudentManagerTest" time="0.001">
    <system-out><![CDATA[Student list imported from test_students_list.csv
]]></system-out>
  </testcase>
  <testcase name="testDisplayStudents" classname="StudentManagerTest" time="0.001">
    <system-out><![CDATA[Attendance marked: 1 -> Present (2024-11-24)
]]></system-out>
  </testcase>
  <testcase name="testStudentBaseExport" classname="StudentManagerTest" time="0.001">
    <system-out><![CDATA[Student list exported to test_students_list.csv
]]></system-out>
  </testcase>
  <testcase name="testStudentBaseImport" classname="StudentManagerTest" time="0.001">
    <system-out><![CDATA[Student list exported to test_students_list.csv
Student list imported from test_students_list.csv
]]></system-out>
  </testcase>
  <testcase name="testUpdateAttendanceForNonExistingDate" classname="StudentManagerTest" time="0.0"/>
</testsuite>